1658207225507	geckodriver	INFO	Listening on 127.0.0.1:53962
1658207228593	mozrunner::runner	INFO	Running command: "C:\\Program Files\\Mozilla Firefox\\firefox.exe" "--marionette" "--remote-debugging-port" "53963" "--remote-allow-hosts" "localhost" "-no-remote" "-profile" "C:\\Users\\IRFAND~1\\AppData\\Local\\Temp\\rust_mozprofiletIb2jV"
1658207229281	Marionette	INFO	Marionette enabled
1658207229289	Marionette	INFO	Listening on port 53972
WebDriver BiDi listening on ws://localhost:53963
Read port: 53972
1658207229526	RemoteAgent	WARN	TLS certificate errors will be ignored for this session
console.warn: SearchSettings: "get: No settings file exists, new profile?" (new NotFoundError("Could not open the file at C:\\Users\\IRFAND~1\\AppData\\Local\\Temp\\rust_mozprofiletIb2jV\\search.json.mozlz4", (void 0)))
DevTools listening on ws://localhost:53963/devtools/browser/72041f9d-05d6-4d2b-9a60-e35f21bc9445
1658207235343	Marionette	INFO	Stopped listening on port 53972
1658207237104	geckodriver	INFO	Listening on 127.0.0.1:54007
1658207240185	mozrunner::runner	INFO	Running command: "C:\\Program Files\\Mozilla Firefox\\firefox.exe" "--marionette" "--remote-debugging-port" "54008" "--remote-allow-hosts" "localhost" "-no-remote" "-profile" "C:\\Users\\IRFAND~1\\AppData\\Local\\Temp\\rust_mozprofileWxbiWF"
1658207240674	Marionette	INFO	Marionette enabled
1658207240681	Marionette	INFO	Listening on port 54017
WebDriver BiDi listening on ws://localhost:54008
Read port: 54017
1658207240858	RemoteAgent	WARN	TLS certificate errors will be ignored for this session
console.warn: SearchSettings: "get: No settings file exists, new profile?" (new NotFoundError("Could not open the file at C:\\Users\\IRFAND~1\\AppData\\Local\\Temp\\rust_mozprofileWxbiWF\\search.json.mozlz4", (void 0)))
DevTools listening on ws://localhost:54008/devtools/browser/38fee565-b37e-40e3-9646-0850236c709e
console.warn: LoginRecipes: "getRecipes: falling back to a synchronous message for:" "https://admin-demo.nopcommerce.com"
console.warn: LoginRecipes: "getRecipes: falling back to a synchronous message for:" "https://admin-demo.nopcommerce.com"
JavaScript error: resource://gre/modules/LoginManagerParent.jsm, line 136: TypeError: gRecipeManager is null
1658207248800	Marionette	INFO	Stopped listening on port 54017
1658569558694	geckodriver	INFO	Listening on 127.0.0.1:54406
1658569561794	mozrunner::runner	INFO	Running command: "C:\\Program Files\\Mozilla Firefox\\firefox.exe" "--marionette" "--remote-debugging-port" "54407" "--remote-allow-hosts" "localhost" "-no-remote" "-profile" "C:\\Users\\IRFAND~1\\AppData\\Local\\Temp\\rust_mozprofilegPOR75"
1658569562324	Marionette	INFO	Marionette enabled
1658569562330	Marionette	INFO	Listening on port 54416
WebDriver BiDi listening on ws://localhost:54407
Read port: 54416
1658569562563	RemoteAgent	WARN	TLS certificate errors will be ignored for this session
console.warn: SearchSettings: "get: No settings file exists, new profile?" (new NotFoundError("Could not open the file at C:\\Users\\IRFAND~1\\AppData\\Local\\Temp\\rust_mozprofilegPOR75\\search.json.mozlz4", (void 0)))
DevTools listening on ws://localhost:54407/devtools/browser/9d70a4c9-03c7-4850-9cb6-d0db3ca5c0a0
console.warn: LoginRecipes: "getRecipes: falling back to a synchronous message for:" "https://admin-demo.nopcommerce.com"
console.warn: LoginRecipes: "getRecipes: falling back to a synchronous message for:" "https://admin-demo.nopcommerce.com"
JavaScript error: resource://gre/modules/LoginManagerParent.jsm, line 136: TypeError: gRecipeManager is null
1658569572208	Marionette	WARN	TimedPromise timed out after 500 ms: stacktrace:
TimedPromise/<@chrome://remote/content/marionette/sync.js:234:19
TimedPromise@chrome://remote/content/marionette/sync.js:219:10
interaction.flushEventLoop@chrome://remote/content/marionette/interaction.js:431:10
webdriverClickElement@chrome://remote/content/marionette/interaction.js:179:31
send@https://admin-demo.nopcommerce.com/lib_npm/jquery/jquery.min.js?v=meexYto0mAKr6PjyeE37ROc-We8:2:82613
ajax@https://admin-demo.nopcommerce.com/lib_npm/jquery/jquery.min.js?v=meexYto0mAKr6PjyeE37ROc-We8:2:78223
n.ajax@https://admin-demo.nopcommerce.com/js/CustomerList.Footer.scripts.js?v=xmzoCAzW3rGfXyFMlwN0-pJR2Ow:86:4297
t@https://admin-demo.nopcommerce.com/js/CustomerList.Footer.scripts.js?v=xmzoCAzW3rGfXyFMlwN0-pJR2Ow:92:42174
initOnce@https://admin-demo.nopcommerce.com/js/CustomerList.Footer.scripts.js?v=xmzoCAzW3rGfXyFMlwN0-pJR2Ow:92:42576
init@https://admin-demo.nopcommerce.com/js/CustomerList.Footer.scripts.js?v=xmzoCAzW3rGfXyFMlwN0-pJR2Ow:92:43224
@https://admin-demo.nopcommerce.com/Admin/Customer/List:1375:46
e@https://admin-demo.nopcommerce.com/lib_npm/jquery/jquery.min.js?v=meexYto0mAKr6PjyeE37ROc-We8:2:30005
Deferred/then/l/</t<@https://admin-demo.nopcommerce.com/lib_npm/jquery/jquery.min.js?v=meexYto0mAKr6PjyeE37ROc-We8:2:30307
1658569644455	Marionette	INFO	Stopped listening on port 54416
!!! error running onStopped callback: TypeError: callback is not a function
console.warn: TopSitesFeed: Failed to fetch data from Contile server: NetworkError when attempting to fetch resource.
" "-profile" "C:\\Users\\IRFAND~1\\AppData\\Local\\Temp\\rust_mozprofilePDPYim"
1658569577391	Marionette	INFO	Marionette enabled
1658569577426	Marionette	INFO	Listening on port 54467
WebDriver BiDi listening on ws://localhost:54458
Read port: 54467
1658569578005	RemoteAgent	WARN	TLS certificate errors will be ignored for this session
console.warn: SearchSettings: "get: No settings file exists, new profile?" (new NotFoundError("Could not open the file at C:\\Users\\IRFAND~1\\AppData\\Local\\Temp\\rust_mozprofilePDPYim\\search.json.mozlz4", (void 0)))
DevTools listening on ws://localhost:54458/devtools/browser/19f71780-24f9-4d9d-9aee-54ad7d662f8a
console.warn: LoginRecipes: "getRecipes: falling back to a synchronous message for:" "https://admin-demo.nopcommerce.com"
console.warn: LoginRecipes: "getRecipes: falling back to a synchronous message for:" "https://admin-demo.nopcommerce.com"
JavaScript error: resource://gre/modules/LoginManagerParent.jsm, line 136: TypeError: gRecipeManager is null
1658569589997	Marionette	INFO	Stopped listening on port 54467
1658569751286	geckodriver	INFO	Listening on 127.0.0.1:54593
1658569754367	mozrunner::runner	INFO	Running command: "C:\\Program Files\\Mozilla Firefox\\firefox.exe" "--marionette" "--remote-debugging-port" "54594" "--remote-allow-hosts" "localhost" "-no-remote" "-profile" "C:\\Users\\IRFAND~1\\AppData\\Local\\Temp\\rust_mozprofile5ByWh5"
1658569754935	Marionette	INFO	Marionette enabled
1658569754944	Marionette	INFO	Listening on port 54603
WebDriver BiDi listening on ws://localhost:54594
Read port: 54603
1658569755136	RemoteAgent	WARN	TLS certificate errors will be ignored for this session
console.warn: SearchSettings: "get: No settings file exists, new profile?" (new NotFoundError("Could not open the file at C:\\Users\\IRFAND~1\\AppData\\Local\\Temp\\rust_mozprofile5ByWh5\\search.json.mozlz4", (void 0)))
DevTools listening on ws://localhost:54594/devtools/browser/08942295-1c3d-4cc8-ad59-df3c1adb1659
console.warn: LoginRecipes: "getRecipes: falling back to a synchronous message for:" "https://admin-demo.nopcommerce.com"
console.warn: LoginRecipes: "getRecipes: falling back to a synchronous message for:" "https://admin-demo.nopcommerce.com"
JavaScript error: resource://gre/modules/LoginManagerParent.jsm, line 136: TypeError: gRecipeManager is null
1658569762578	Marionette	WARN	TimedPromise timed out after 500 ms: stacktrace:
TimedPromise/<@chrome://remote/content/marionette/sync.js:234:19
TimedPromise@chrome://remote/content/marionette/sync.js:219:10
interaction.flushEventLoop@chrome://remote/content/marionette/interaction.js:431:10
webdriverClickElement@chrome://remote/content/marionette/interaction.js:179:31
send@https://admin-demo.nopcommerce.com/lib_npm/jquery/jquery.min.js?v=meexYto0mAKr6PjyeE37ROc-We8:2:82613
ajax@https://admin-demo.nopcommerce.com/lib_npm/jquery/jquery.min.js?v=meexYto0mAKr6PjyeE37ROc-We8:2:78223
n.ajax@https://admin-demo.nopcommerce.com/js/CustomerList.Footer.scripts.js?v=xmzoCAzW3rGfXyFMlwN0-pJR2Ow:86:4297
t@https://admin-demo.nopcommerce.com/js/CustomerList.Footer.scripts.js?v=xmzoCAzW3rGfXyFMlwN0-pJR2Ow:92:42174
initOnce@https://admin-demo.nopcommerce.com/js/CustomerList.Footer.scripts.js?v=xmzoCAzW3rGfXyFMlwN0-pJR2Ow:92:42576
init@https://admin-demo.nopcommerce.com/js/CustomerList.Footer.scripts.js?v=xmzoCAzW3rGfXyFMlwN0-pJR2Ow:92:43224
@https://admin-demo.nopcommerce.com/Admin/Customer/List:1375:46
e@https://admin-demo.nopcommerce.com/lib_npm/jquery/jquery.min.js?v=meexYto0mAKr6PjyeE37ROc-We8:2:30005
Deferred/then/l/</t<@https://admin-demo.nopcommerce.com/lib_npm/jquery/jquery.min.js?v=meexYto0mAKr6PjyeE37ROc-We8:2:30307
1658569783748	Marionette	INFO	Stopped listening on port 54603
console.warn: TopSitesFeed: Failed to fetch data from Contile server: NetworkError when attempting to fetch resource.
!!! error running onStopped callback: TypeError: callback is not a function
" "-profile" "C:\\Users\\IRFAND~1\\AppData\\Local\\Temp\\rust_mozprofilecJTZ3C"
1658569766513	Marionette	INFO	Marionette enabled
1658569766519	Marionette	INFO	Listening on port 54654
Read port: 54654
WebDriver BiDi listening on ws://localhost:54645
1658569766681	RemoteAgent	WARN	TLS certificate errors will be ignored for this session
console.warn: SearchSettings: "get: No settings file exists, new profile?" (new NotFoundError("Could not open the file at C:\\Users\\IRFAND~1\\AppData\\Local\\Temp\\rust_mozprofilecJTZ3C\\search.json.mozlz4", (void 0)))
DevTools listening on ws://localhost:54645/devtools/browser/02886a8f-f321-455d-8f8d-095a94cda46a
console.warn: LoginRecipes: "getRecipes: falling back to a synchronous message for:" "https://admin-demo.nopcommerce.com"
console.warn: LoginRecipes: "getRecipes: falling back to a synchronous message for:" "https://admin-demo.nopcommerce.com"
JavaScript error: resource://gre/modules/LoginManagerParent.jsm, line 136: TypeError: gRecipeManager is null
1658569771857	Marionette	INFO	Stopped listening on port 54654
1658569952372	geckodriver	INFO	Listening on 127.0.0.1:54713
1658569955461	mozrunner::runner	INFO	Running command: "C:\\Program Files\\Mozilla Firefox\\firefox.exe" "--marionette" "--remote-debugging-port" "54714" "--remote-allow-hosts" "localhost" "-no-remote" "-profile" "C:\\Users\\IRFAND~1\\AppData\\Local\\Temp\\rust_mozprofileFWNuqn"
1658569955926	Marionette	INFO	Marionette enabled
1658569955933	Marionette	INFO	Listening on port 54723
WebDriver BiDi listening on ws://localhost:54714
Read port: 54723
1658569956274	RemoteAgent	WARN	TLS certificate errors will be ignored for this session
console.warn: SearchSettings: "get: No settings file exists, new profile?" (new NotFoundError("Could not open the file at C:\\Users\\IRFAND~1\\AppData\\Local\\Temp\\rust_mozprofileFWNuqn\\search.json.mozlz4", (void 0)))
DevTools listening on ws://localhost:54714/devtools/browser/75254ef6-4eac-46e7-b0bd-197eadec2bc0
console.warn: LoginRecipes: "getRecipes: falling back to a synchronous message for:" "https://admin-demo.nopcommerce.com"
console.warn: LoginRecipes: "getRecipes: falling back to a synchronous message for:" "https://admin-demo.nopcommerce.com"
JavaScript error: resource://gre/modules/LoginManagerParent.jsm, line 136: TypeError: gRecipeManager is null
1658569962792	Marionette	WARN	TimedPromise timed out after 500 ms: stacktrace:
TimedPromise/<@chrome://remote/content/marionette/sync.js:234:19
TimedPromise@chrome://remote/content/marionette/sync.js:219:10
interaction.flushEventLoop@chrome://remote/content/marionette/interaction.js:431:10
webdriverClickElement@chrome://remote/content/marionette/interaction.js:179:31
1658569963313	geckodriver	INFO	Listening on 127.0.0.1:54763
1658569966367	mozrunner::runner	INFO	Running command: "C:\\Program Files\\Mozilla Firefox\\firefox.exe" "--marionette" "--remote-debugging-port" "54764" "--remote-allow-hosts" "localhost" "-no-remote" "-profile" "C:\\Users\\IRFAND~1\\AppData\\Local\\Temp\\rust_mozprofilec9rbSP"
1658569966828	Marionette	INFO	Marionette enabled
1658569966834	Marionette	INFO	Listening on port 54774
WebDriver BiDi listening on ws://localhost:54764
Read port: 54774
1658569967156	RemoteAgent	WARN	TLS certificate errors will be ignored for this session
console.warn: SearchSettings: "get: No settings file exists, new profile?" (new NotFoundError("Could not open the file at C:\\Users\\IRFAND~1\\AppData\\Local\\Temp\\rust_mozprofilec9rbSP\\search.json.mozlz4", (void 0)))
DevTools listening on ws://localhost:54764/devtools/browser/f9bb4827-7612-40a1-962c-73c8f8e98ab9
console.warn: LoginRecipes: "getRecipes: falling back to a synchronous message for:" "https://admin-demo.nopcommerce.com"
console.warn: LoginRecipes: "getRecipes: falling back to a synchronous message for:" "https://admin-demo.nopcommerce.com"
JavaScript error: resource://gre/modules/LoginManagerParent.jsm, line 136: TypeError: gRecipeManager is null
1658569972901	Marionette	INFO	Stopped listening on port 54774
1658570298607	geckodriver	INFO	Listening on 127.0.0.1:54965
1658570301690	mozrunner::runner	INFO	Running command: "C:\\Program Files\\Mozilla Firefox\\firefox.exe" "--marionette" "--remote-debugging-port" "54966" "--remote-allow-hosts" "localhost" "-no-remote" "-profile" "C:\\Users\\IRFAND~1\\AppData\\Local\\Temp\\rust_mozprofiledegAYn"
1658570302137	Marionette	INFO	Marionette enabled
1658570302144	Marionette	INFO	Listening on port 54977
WebDriver BiDi listening on ws://localhost:54966
Read port: 54977
1658570302552	RemoteAgent	WARN	TLS certificate errors will be ignored for this session
console.warn: SearchSettings: "get: No settings file exists, new profile?" (new NotFoundError("Could not open the file at C:\\Users\\IRFAND~1\\AppData\\Local\\Temp\\rust_mozprofiledegAYn\\search.json.mozlz4", (void 0)))
DevTools listening on ws://localhost:54966/devtools/browser/f1dfea6b-4c0d-42e2-935c-d58d63d3273e
console.warn: LoginRecipes: "getRecipes: falling back to a synchronous message for:" "https://admin-demo.nopcommerce.com"
console.warn: LoginRecipes: "getRecipes: falling back to a synchronous message for:" "https://admin-demo.nopcommerce.com"
JavaScript error: resource://gre/modules/LoginManagerParent.jsm, line 136: TypeError: gRecipeManager is null
1658570311058	Marionette	WARN	TimedPromise timed out after 500 ms: stacktrace:
TimedPromise/<@chrome://remote/content/marionette/sync.js:234:19
TimedPromise@chrome://remote/content/marionette/sync.js:219:10
interaction.flushEventLoop@chrome://remote/content/marionette/interaction.js:431:10
webdriverClickElement@chrome://remote/content/marionette/interaction.js:179:31
send@https://admin-demo.nopcommerce.com/lib_npm/jquery/jquery.min.js?v=meexYto0mAKr6PjyeE37ROc-We8:2:82613
ajax@https://admin-demo.nopcommerce.com/lib_npm/jquery/jquery.min.js?v=meexYto0mAKr6PjyeE37ROc-We8:2:78223
n.ajax@https://admin-demo.nopcommerce.com/js/CustomerList.Footer.scripts.js?v=xmzoCAzW3rGfXyFMlwN0-pJR2Ow:86:4297
t@https://admin-demo.nopcommerce.com/js/CustomerList.Footer.scripts.js?v=xmzoCAzW3rGfXyFMlwN0-pJR2Ow:92:42174
initOnce@https://admin-demo.nopcommerce.com/js/CustomerList.Footer.scripts.js?v=xmzoCAzW3rGfXyFMlwN0-pJR2Ow:92:42576
init@https://admin-demo.nopcommerce.com/js/CustomerList.Footer.scripts.js?v=xmzoCAzW3rGfXyFMlwN0-pJR2Ow:92:43224
@https://admin-demo.nopcommerce.com/Admin/Customer/List:1375:46
e@https://admin-demo.nopcommerce.com/lib_npm/jquery/jquery.min.js?v=meexYto0mAKr6PjyeE37ROc-We8:2:30005
Deferred/then/l/</t<@https://admin-demo.nopcommerce.com/lib_npm/jquery/jquery.min.js?v=meexYto0mAKr6PjyeE37ROc-We8:2:30307
1658570380237	Marionette	INFO	Stopped listening on port 54977
console.warn: TopSitesFeed: Failed to fetch data from Contile server: NetworkError when attempting to fetch resource.
!!! error running onStopped callback: TypeError: callback is not a function
" "-profile" "C:\\Users\\IRFAND~1\\AppData\\Local\\Temp\\rust_mozprofilet1WcPt"
1658570315193	Marionette	INFO	Marionette enabled
1658570315199	Marionette	INFO	Listening on port 55033
WebDriver BiDi listening on ws://localhost:55022
Read port: 55033
1658570315356	RemoteAgent	WARN	TLS certificate errors will be ignored for this session
console.warn: SearchSettings: "get: No settings file exists, new profile?" (new NotFoundError("Could not open the file at C:\\Users\\IRFAND~1\\AppData\\Local\\Temp\\rust_mozprofilet1WcPt\\search.json.mozlz4", (void 0)))
DevTools listening on ws://localhost:55022/devtools/browser/51fca6f3-0614-4a0b-ac24-e25d20b6e9c4
console.warn: LoginRecipes: "getRecipes: falling back to a synchronous message for:" "https://admin-demo.nopcommerce.com"
console.warn: LoginRecipes: "getRecipes: falling back to a synchronous message for:" "https://admin-demo.nopcommerce.com"
JavaScript error: resource://gre/modules/LoginManagerParent.jsm, line 136: TypeError: gRecipeManager is null
1658570321108	Marionette	INFO	Stopped listening on port 55033
1658570423964	geckodriver	INFO	Listening on 127.0.0.1:55172
1658570427041	mozrunner::runner	INFO	Running command: "C:\\Program Files\\Mozilla Firefox\\firefox.exe" "--marionette" "--remote-debugging-port" "55173" "--remote-allow-hosts" "localhost" "-no-remote" "-profile" "C:\\Users\\IRFAND~1\\AppData\\Local\\Temp\\rust_mozprofile7hR1X0"
1658570427486	Marionette	INFO	Marionette enabled
1658570427493	Marionette	INFO	Listening on port 55183
WebDriver BiDi listening on ws://localhost:55173
Read port: 55183
1658570427848	RemoteAgent	WARN	TLS certificate errors will be ignored for this session
console.warn: SearchSettings: "get: No settings file exists, new profile?" (new NotFoundError("Could not open the file at C:\\Users\\IRFAND~1\\AppData\\Local\\Temp\\rust_mozprofile7hR1X0\\search.json.mozlz4", (void 0)))
DevTools listening on ws://localhost:55173/devtools/browser/0a4c5e45-5ca2-470b-8cc0-c27c16579c6e
console.warn: LoginRecipes: "getRecipes: falling back to a synchronous message for:" "https://admin-demo.nopcommerce.com"
console.warn: LoginRecipes: "getRecipes: falling back to a synchronous message for:" "https://admin-demo.nopcommerce.com"
JavaScript error: resource://gre/modules/LoginManagerParent.jsm, line 136: TypeError: gRecipeManager is null
1658570436497	Marionette	WARN	TimedPromise timed out after 500 ms: stacktrace:
TimedPromise/<@chrome://remote/content/marionette/sync.js:234:19
TimedPromise@chrome://remote/content/marionette/sync.js:219:10
interaction.flushEventLoop@chrome://remote/content/marionette/interaction.js:431:10
webdriverClickElement@chrome://remote/content/marionette/interaction.js:179:31
send@https://admin-demo.nopcommerce.com/lib_npm/jquery/jquery.min.js?v=meexYto0mAKr6PjyeE37ROc-We8:2:82613
ajax@https://admin-demo.nopcommerce.com/lib_npm/jquery/jquery.min.js?v=meexYto0mAKr6PjyeE37ROc-We8:2:78223
n.ajax@https://admin-demo.nopcommerce.com/js/CustomerList.Footer.scripts.js?v=xmzoCAzW3rGfXyFMlwN0-pJR2Ow:86:4297
t@https://admin-demo.nopcommerce.com/js/CustomerList.Footer.scripts.js?v=xmzoCAzW3rGfXyFMlwN0-pJR2Ow:92:42174
initOnce@https://admin-demo.nopcommerce.com/js/CustomerList.Footer.scripts.js?v=xmzoCAzW3rGfXyFMlwN0-pJR2Ow:92:42576
init@https://admin-demo.nopcommerce.com/js/CustomerList.Footer.scripts.js?v=xmzoCAzW3rGfXyFMlwN0-pJR2Ow:92:43224
@https://admin-demo.nopcommerce.com/Admin/Customer/List:1375:46
e@https://admin-demo.nopcommerce.com/lib_npm/jquery/jquery.min.js?v=meexYto0mAKr6PjyeE37ROc-We8:2:30005
Deferred/then/l/</t<@https://admin-demo.nopcommerce.com/lib_npm/jquery/jquery.min.js?v=meexYto0mAKr6PjyeE37ROc-We8:2:30307
1658570453557	Marionette	INFO	Stopped listening on port 55183
console.warn: TopSitesFeed: Failed to fetch data from Contile server: NetworkError when attempting to fetch resource.
!!! error running onStopped callback: TypeError: callback is not a function
" "-profile" "C:\\Users\\IRFAND~1\\AppData\\Local\\Temp\\rust_mozprofileyaxj4Q"
1658570440472	Marionette	INFO	Marionette enabled
1658570440478	Marionette	INFO	Listening on port 55241
WebDriver BiDi listening on ws://localhost:55231
Read port: 55241
1658570440639	RemoteAgent	WARN	TLS certificate errors will be ignored for this session
console.warn: SearchSettings: "get: No settings file exists, new profile?" (new NotFoundError("Could not open the file at C:\\Users\\IRFAND~1\\AppData\\Local\\Temp\\rust_mozprofileyaxj4Q\\search.json.mozlz4", (void 0)))
DevTools listening on ws://localhost:55231/devtools/browser/f53c272d-44ca-4d00-84c5-393330329ab4
console.warn: LoginRecipes: "getRecipes: falling back to a synchronous message for:" "https://admin-demo.nopcommerce.com"
console.warn: LoginRecipes: "getRecipes: falling back to a synchronous message for:" "https://admin-demo.nopcommerce.com"
JavaScript error: resource://gre/modules/LoginManagerParent.jsm, line 136: TypeError: gRecipeManager is null
1658570445748	Marionette	INFO	Stopped listening on port 55241
[Parent 16284, IPC I/O Parent] WARNING: file /builds/worker/checkouts/gecko/ipc/chromium/src/base/process_util_win.cc:167
1658570567320	geckodriver	INFO	Listening on 127.0.0.1:55348
1658570570407	mozrunner::runner	INFO	Running command: "C:\\Program Files\\Mozilla Firefox\\firefox.exe" "--marionette" "--remote-debugging-port" "55349" "--remote-allow-hosts" "localhost" "-no-remote" "-profile" "C:\\Users\\IRFAND~1\\AppData\\Local\\Temp\\rust_mozprofileTVnjPD"
1658570570938	Marionette	INFO	Marionette enabled
1658570570946	Marionette	INFO	Listening on port 55359
WebDriver BiDi listening on ws://localhost:55349
Read port: 55359
1658570571108	RemoteAgent	WARN	TLS certificate errors will be ignored for this session
console.warn: SearchSettings: "get: No settings file exists, new profile?" (new NotFoundError("Could not open the file at C:\\Users\\IRFAND~1\\AppData\\Local\\Temp\\rust_mozprofileTVnjPD\\search.json.mozlz4", (void 0)))
DevTools listening on ws://localhost:55349/devtools/browser/7ad38738-d34c-49f2-9eb3-3603747068fa
console.warn: LoginRecipes: "getRecipes: falling back to a synchronous message for:" "https://admin-demo.nopcommerce.com"
console.warn: LoginRecipes: "getRecipes: falling back to a synchronous message for:" "https://admin-demo.nopcommerce.com"
JavaScript error: resource://gre/modules/LoginManagerParent.jsm, line 136: TypeError: gRecipeManager is null
1658570577316	Marionette	WARN	TimedPromise timed out after 500 ms: stacktrace:
TimedPromise/<@chrome://remote/content/marionette/sync.js:234:19
TimedPromise@chrome://remote/content/marionette/sync.js:219:10
interaction.flushEventLoop@chrome://remote/content/marionette/interaction.js:431:10
webdriverClickElement@chrome://remote/content/marionette/interaction.js:179:31
send@https://admin-demo.nopcommerce.com/lib_npm/jquery/jquery.min.js?v=meexYto0mAKr6PjyeE37ROc-We8:2:82613
ajax@https://admin-demo.nopcommerce.com/lib_npm/jquery/jquery.min.js?v=meexYto0mAKr6PjyeE37ROc-We8:2:78223
n.ajax@https://admin-demo.nopcommerce.com/js/HomeIndex.Footer.scripts.js?v=p85S1lLwdXzndIrgTxy2jRef03c:86:4297
t@https://admin-demo.nopcommerce.com/js/HomeIndex.Footer.scripts.js?v=p85S1lLwdXzndIrgTxy2jRef03c:92:42174
initOnce@https://admin-demo.nopcommerce.com/js/HomeIndex.Footer.scripts.js?v=p85S1lLwdXzndIrgTxy2jRef03c:92:42576
init@https://admin-demo.nopcommerce.com/js/HomeIndex.Footer.scripts.js?v=p85S1lLwdXzndIrgTxy2jRef03c:92:43224
@https://admin-demo.nopcommerce.com/admin/:2517:46
e@https://admin-demo.nopcommerce.com/lib_npm/jquery/jquery.min.js?v=meexYto0mAKr6PjyeE37ROc-We8:2:30005
Deferred/then/l/</t<@https://admin-demo.nopcommerce.com/lib_npm/jquery/jquery.min.js?v=meexYto0mAKr6PjyeE37ROc-We8:2:30307
1658570591116	Marionette	INFO	Stopped listening on port 55359
console.warn: TopSitesFeed: Failed to fetch data from Contile server: NetworkError when attempting to fetch resource.
!!! error running onStopped callback: TypeError: callback is not a function
" "-profile" "C:\\Users\\IRFAND~1\\AppData\\Local\\Temp\\rust_mozprofileLyF8te"
1658570582274	Marionette	INFO	Marionette enabled
1658570582282	Marionette	INFO	Listening on port 55415
WebDriver BiDi listening on ws://localhost:55404
Read port: 55415
1658570582444	RemoteAgent	WARN	TLS certificate errors will be ignored for this session
console.warn: SearchSettings: "get: No settings file exists, new profile?" (new NotFoundError("Could not open the file at C:\\Users\\IRFAND~1\\AppData\\Local\\Temp\\rust_mozprofileLyF8te\\search.json.mozlz4", (void 0)))
DevTools listening on ws://localhost:55404/devtools/browser/b019c959-1d8e-4531-9738-22502bb2f3fd
console.warn: LoginRecipes: "getRecipes: falling back to a synchronous message for:" "https://admin-demo.nopcommerce.com"
console.warn: LoginRecipes: "getRecipes: falling back to a synchronous message for:" "https://admin-demo.nopcommerce.com"
JavaScript error: resource://gre/modules/LoginManagerParent.jsm, line 136: TypeError: gRecipeManager is null
1658570587760	Marionette	INFO	Stopped listening on port 55415
!!! error running onStopped callback: TypeError: callback is not a function
1658570605993	geckodriver	INFO	Listening on 127.0.0.1:55467
1658570609053	mozrunner::runner	INFO	Running command: "C:\\Program Files\\Mozilla Firefox\\firefox.exe" "--marionette" "--remote-debugging-port" "55468" "--remote-allow-hosts" "localhost" "-no-remote" "-profile" "C:\\Users\\IRFAND~1\\AppData\\Local\\Temp\\rust_mozprofileGx437l"
1658570609519	Marionette	INFO	Marionette enabled
1658570609526	Marionette	INFO	Listening on port 55480
WebDriver BiDi listening on ws://localhost:55468
Read port: 55480
1658570609729	RemoteAgent	WARN	TLS certificate errors will be ignored for this session
console.warn: SearchSettings: "get: No settings file exists, new profile?" (new NotFoundError("Could not open the file at C:\\Users\\IRFAND~1\\AppData\\Local\\Temp\\rust_mozprofileGx437l\\search.json.mozlz4", (void 0)))
DevTools listening on ws://localhost:55468/devtools/browser/8364dcf1-4262-4a59-9855-3186b91d4e1c
console.warn: LoginRecipes: "getRecipes: falling back to a synchronous message for:" "https://admin-demo.nopcommerce.com"
console.warn: LoginRecipes: "getRecipes: falling back to a synchronous message for:" "https://admin-demo.nopcommerce.com"
JavaScript error: resource://gre/modules/LoginManagerParent.jsm, line 136: TypeError: gRecipeManager is null
console.warn: LoginRecipes: "getRecipes: falling back to a synchronous message for:" "https://admin-demo.nopcommerce.com"
JavaScript error: resource://gre/modules/LoginManagerParent.jsm, line 136: TypeError: gRecipeManager is null
1658570621221	Marionette	WARN	TimedPromise timed out after 500 ms: stacktrace:
TimedPromise/<@chrome://remote/content/marionette/sync.js:234:19
TimedPromise@chrome://remote/content/marionette/sync.js:219:10
interaction.flushEventLoop@chrome://remote/content/marionette/interaction.js:431:10
webdriverClickElement@chrome://remote/content/marionette/interaction.js:179:31
send@https://admin-demo.nopcommerce.com/lib_npm/jquery/jquery.min.js?v=meexYto0mAKr6PjyeE37ROc-We8:2:82613
ajax@https://admin-demo.nopcommerce.com/lib_npm/jquery/jquery.min.js?v=meexYto0mAKr6PjyeE37ROc-We8:2:78223
n.ajax@https://admin-demo.nopcommerce.com/js/CustomerCreate.Footer.scripts.js?v=8ef0mlvwOS9XzoujWWSixWqJkc0:85:4297
t@https://admin-demo.nopcommerce.com/js/CustomerCreate.Footer.scripts.js?v=8ef0mlvwOS9XzoujWWSixWqJkc0:91:42174
initOnce@https://admin-demo.nopcommerce.com/js/CustomerCreate.Footer.scripts.js?v=8ef0mlvwOS9XzoujWWSixWqJkc0:91:42576
init@https://admin-demo.nopcommerce.com/js/CustomerCreate.Footer.scripts.js?v=8ef0mlvwOS9XzoujWWSixWqJkc0:91:43224
@https://admin-demo.nopcommerce.com/Admin/Customer/Create:1115:46
e@https://admin-demo.nopcommerce.com/lib_npm/jquery/jquery.min.js?v=meexYto0mAKr6PjyeE37ROc-We8:2:30005
Deferred/then/l/</t<@https://admin-demo.nopcommerce.com/lib_npm/jquery/jquery.min.js?v=meexYto0mAKr6PjyeE37ROc-We8:2:30307
console.warn: LoginRecipes: "getRecipes: falling back to a synchronous message for:" "https://admin-demo.nopcommerce.com"
JavaScript error: resource://gre/modules/LoginManagerParent.jsm, line 136: TypeError: gRecipeManager is null
console.warn: LoginRecipes: "getRecipes: falling back to a synchronous message for:" "https://admin-demo.nopcommerce.com"
JavaScript error: resource://gre/modules/LoginManagerParent.jsm, line 136: TypeError: gRecipeManager is null
1658570631346	Marionette	INFO	Stopped listening on port 55480
1658570632426	geckodriver	INFO	Listening on 127.0.0.1:55531
1658570635499	mozrunner::runner	INFO	Running command: "C:\\Program Files\\Mozilla Firefox\\firefox.exe" "--marionette" "--remote-debugging-port" "55532" "--remote-allow-hosts" "localhost" "-no-remote" "-profile" "C:\\Users\\IRFAND~1\\AppData\\Local\\Temp\\rust_mozprofileOMk75x"
1658570635966	Marionette	INFO	Marionette enabled
1658570635973	Marionette	INFO	Listening on port 55542
WebDriver BiDi listening on ws://localhost:55532
Read port: 55542
1658570636137	RemoteAgent	WARN	TLS certificate errors will be ignored for this session
console.warn: SearchSettings: "get: No settings file exists, new profile?" (new NotFoundError("Could not open the file at C:\\Users\\IRFAND~1\\AppData\\Local\\Temp\\rust_mozprofileOMk75x\\search.json.mozlz4", (void 0)))
DevTools listening on ws://localhost:55532/devtools/browser/0c20e2ce-21db-4285-8cfd-813d6489c33d
console.warn: LoginRecipes: "getRecipes: falling back to a synchronous message for:" "https://admin-demo.nopcommerce.com"
console.warn: LoginRecipes: "getRecipes: falling back to a synchronous message for:" "https://admin-demo.nopcommerce.com"
JavaScript error: resource://gre/modules/LoginManagerParent.jsm, line 136: TypeError: gRecipeManager is null
1658570641456	Marionette	INFO	Stopped listening on port 55542
1658570670259	geckodriver	INFO	Listening on 127.0.0.1:55601
1658570673331	mozrunner::runner	INFO	Running command: "C:\\Program Files\\Mozilla Firefox\\firefox.exe" "--marionette" "--remote-debugging-port" "55602" "--remote-allow-hosts" "localhost" "-no-remote" "-profile" "C:\\Users\\IRFAND~1\\AppData\\Local\\Temp\\rust_mozprofilezUChBE"
1658570673824	Marionette	INFO	Marionette enabled
1658570673830	Marionette	INFO	Listening on port 55613
WebDriver BiDi listening on ws://localhost:55602
Read port: 55613
1658570673994	RemoteAgent	WARN	TLS certificate errors will be ignored for this session
console.warn: SearchSettings: "get: No settings file exists, new profile?" (new NotFoundError("Could not open the file at C:\\Users\\IRFAND~1\\AppData\\Local\\Temp\\rust_mozprofilezUChBE\\search.json.mozlz4", (void 0)))
DevTools listening on ws://localhost:55602/devtools/browser/04600a6c-e915-4d8c-91b4-59c2919f4cb3
console.warn: LoginRecipes: "getRecipes: falling back to a synchronous message for:" "https://admin-demo.nopcommerce.com"
console.warn: LoginRecipes: "getRecipes: falling back to a synchronous message for:" "https://admin-demo.nopcommerce.com"
JavaScript error: resource://gre/modules/LoginManagerParent.jsm, line 136: TypeError: gRecipeManager is null
1658570681394	Marionette	WARN	TimedPromise timed out after 500 ms: stacktrace:
TimedPromise/<@chrome://remote/content/marionette/sync.js:234:19
TimedPromise@chrome://remote/content/marionette/sync.js:219:10
interaction.flushEventLoop@chrome://remote/content/marionette/interaction.js:431:10
webdriverClickElement@chrome://remote/content/marionette/interaction.js:179:31
send@https://admin-demo.nopcommerce.com/lib_npm/jquery/jquery.min.js?v=meexYto0mAKr6PjyeE37ROc-We8:2:82613
ajax@https://admin-demo.nopcommerce.com/lib_npm/jquery/jquery.min.js?v=meexYto0mAKr6PjyeE37ROc-We8:2:78223
n.ajax@https://admin-demo.nopcommerce.com/js/HomeIndex.Footer.scripts.js?v=p85S1lLwdXzndIrgTxy2jRef03c:86:4297
t@https://admin-demo.nopcommerce.com/js/HomeIndex.Footer.scripts.js?v=p85S1lLwdXzndIrgTxy2jRef03c:92:42174
initOnce@https://admin-demo.nopcommerce.com/js/HomeIndex.Footer.scripts.js?v=p85S1lLwdXzndIrgTxy2jRef03c:92:42576
init@https://admin-demo.nopcommerce.com/js/HomeIndex.Footer.scripts.js?v=p85S1lLwdXzndIrgTxy2jRef03c:92:43224
@https://admin-demo.nopcommerce.com/admin/:2517:46
e@https://admin-demo.nopcommerce.com/lib_npm/jquery/jquery.min.js?v=meexYto0mAKr6PjyeE37ROc-We8:2:30005
Deferred/then/l/</t<@https://admin-demo.nopcommerce.com/lib_npm/jquery/jquery.min.js?v=meexYto0mAKr6PjyeE37ROc-We8:2:30307
1658570682875	geckodriver	INFO	Listening on 127.0.0.1:55661
1658570685937	mozrunner::runner	INFO	Running command: "C:\\Program Files\\Mozilla Firefox\\firefox.exe" "--marionette" "--remote-debugging-port" "55662" "--remote-allow-hosts" "localhost" "-no-remote" "-profile" "C:\\Users\\IRFAND~1\\AppData\\Local\\Temp\\rust_mozprofileGR1A76"
1658570686420	Marionette	INFO	Marionette enabled
1658570686428	Marionette	INFO	Listening on port 55676
WebDriver BiDi listening on ws://localhost:55662
Read port: 55676
1658570686597	RemoteAgent	WARN	TLS certificate errors will be ignored for this session
console.warn: SearchSettings: "get: No settings file exists, new profile?" (new NotFoundError("Could not open the file at C:\\Users\\IRFAND~1\\AppData\\Local\\Temp\\rust_mozprofileGR1A76\\search.json.mozlz4", (void 0)))
DevTools listening on ws://localhost:55662/devtools/browser/3f891153-642d-4992-900e-3ad47a1e4a62
console.warn: LoginRecipes: "getRecipes: falling back to a synchronous message for:" "https://admin-demo.nopcommerce.com"
console.warn: LoginRecipes: "getRecipes: falling back to a synchronous message for:" "https://admin-demo.nopcommerce.com"
JavaScript error: resource://gre/modules/LoginManagerParent.jsm, line 136: TypeError: gRecipeManager is null
1658570691370	Marionette	WARN	TimedPromise timed out after 500 ms: stacktrace:
TimedPromise/<@chrome://remote/content/marionette/sync.js:234:19
TimedPromise@chrome://remote/content/marionette/sync.js:219:10
interaction.flushEventLoop@chrome://remote/content/marionette/interaction.js:431:10
webdriverClickElement@chrome://remote/content/marionette/interaction.js:179:31
1658570692509	Marionette	INFO	Stopped listening on port 55676
