07192022 12:46:27 PM: INFO: ***************** Test_001_Login *****************
07192022 12:46:27 PM: INFO: ***************** Verifying Home Page Title *****************
07192022 12:46:31 PM: INFO: ***************** Home Page Title Test is Passed *****************
07192022 12:46:32 PM: INFO: ***************** Verifying Login Test *****************
07192022 12:46:40 PM: INFO: ***************** Login Test is Passed *****************
07/19/2022 12:48:36 PM: INFO: ***************** Test_001_Login *****************
07/19/2022 12:48:36 PM: INFO: ***************** Verifying Home Page Title *****************
07/19/2022 12:48:53 PM: INFO: ***************** Home Page Title Test is Passed *****************
07/19/2022 12:48:55 PM: INFO: ***************** Verifying Login Test *****************
07/19/2022 12:49:04 PM: INFO: ***************** Login Test is Passed *****************
07/19/2022 01:06:33 PM: INFO: ***************** Test_001_Login *****************
07/19/2022 01:06:33 PM: INFO: ***************** Verifying Home Page Title *****************
07/19/2022 01:06:37 PM: INFO: ***************** Home Page Title Test is Passed *****************
07/19/2022 01:06:39 PM: INFO: ***************** Verifying Login Test *****************
07/19/2022 01:06:46 PM: INFO: ***************** Login Test is Passed *****************
07/19/2022 01:07:13 PM: INFO: ***************** Test_001_Login *****************
07/19/2022 01:07:13 PM: INFO: ***************** Verifying Home Page Title *****************
07/19/2022 01:07:17 PM: INFO: ***************** Home Page Title Test is Passed *****************
07/19/2022 01:07:23 PM: INFO: ***************** Verifying Login Test *****************
07/19/2022 01:07:30 PM: INFO: ***************** Login Test is Passed *****************
07/19/2022 01:38:42 PM: INFO: ***************** Verifying Login Test *****************
07/19/2022 01:38:42 PM: INFO: ***************** Test_001_Login *****************
07/19/2022 01:38:42 PM: INFO: ***************** Verifying Home Page Title *****************
07/19/2022 01:38:47 PM: INFO: ***************** Home Page Title Test is Passed *****************
07/19/2022 01:38:51 PM: INFO: ***************** Login Test is Passed *****************
07/19/2022 01:49:31 PM: INFO: ***************** Verifying Login Test *****************
07/19/2022 01:49:31 PM: INFO: ***************** Test_001_Login *****************
07/19/2022 01:49:31 PM: INFO: ***************** Verifying Home Page Title *****************
07/19/2022 01:49:35 PM: INFO: ***************** Home Page Title Test is Passed *****************
07/19/2022 01:49:39 PM: INFO: ***************** Login Test is Passed *****************
2022-07-19 13:53:02,751 - INFO - ***************** Verifying Login Test *****************
2022-07-19 13:53:02,795 - INFO - ***************** Test_001_Login *****************
2022-07-19 13:53:02,795 - INFO - ***************** Verifying Home Page Title *****************
2022-07-19 13:53:07,173 - INFO - ***************** Home Page Title Test is Passed *****************
2022-07-19 13:53:10,024 - INFO - ***************** Login Test is Passed *****************
2022-07-19 13:58:35,322 - INFO - ***************** Verifying Login Test *****************
2022-07-19 13:58:35,484 - INFO - ***************** Test_001_Login *****************
2022-07-19 13:58:35,485 - INFO - ***************** Verifying Home Page Title *****************
2022-07-19 13:58:39,816 - INFO - ***************** Home Page Title Test is Passed *****************
2022-07-19 13:58:43,159 - INFO - ***************** Login Test is Passed *****************
2022-07-19 14:00:53,547 - INFO - ***************** Test_001_Login *****************
2022-07-19 14:00:53,548 - INFO - ***************** Verifying Home Page Title *****************
2022-07-19 14:00:53,748 - INFO - ***************** Verifying Login Test *****************
2022-07-19 14:00:58,105 - INFO - ***************** Home Page Title Test is Passed *****************
2022-07-19 14:01:01,397 - INFO - ***************** Login Test is Passed *****************
